commit 55fa3ca842c86f5ee5604e27e4f399d8e37fdda4
Author: Hallfredsson <alfredo.gonzalez@opendeusto.es>
Date:   Thu Aug 3 10:11:35 2017 +0100

    Segundo envío a la otra rama

commit de848e19bafbaecc36a4e4a5ff9255b4ad2293f6
Author: Hallfredsson <alfredo.gonzalez@opendeusto.es>
Date:   Thu Aug 3 10:00:31 2017 +0100

    Primer envío a la otra rama

commit c6125f055685186d0886da9dee616bfd41257d66
Author: Hallfredsson <alfredo.gonzalez@opendeusto.es>
Date:   Thu Aug 3 09:46:58 2017 +0100

    Enviamos carpeta

commit c0e59bef2b408030270e2cc45ff829dad5610b72
Author: Hallfredsson <alfredo.gonzalez@opendeusto.es>
Date:   Wed Aug 2 20:04:12 2017 +0100

    Archivo modificado

commit 15aac15db013e94eb925c7142a55a9d5a3d23226
Author: Hallfredsson <alfredo.gonzalez@opendeusto.es>
Date:   Wed Aug 2 19:30:12 2017 +0100

    El principio
